#
# A fatal error has been detected by the Java Runtime Environment:
#
#  SIGBUS (0xa) at pc=0x00007fdaaa79dd40, pid=7917, tid=88579
#
# JRE version: Java(TM) SE Runtime Environment (7.0_51-b13) (build 1.7.0_51-b13)
# Java VM: Java HotSpot(TM) 64-Bit Server VM (24.51-b03 mixed mode bsd-amd64 compressed oops)
# Problematic frame:
# C  0x00007fdaaa79dd40
#
# Failed to write core dump. Core dumps have been disabled. To enable core dumping, try "ulimit -c unlimited" before starting Java again
#
# If you would like to submit a bug report, please visit:
#   http://bugreport.sun.com/bugreport/crash.jsp
# The crash happened outside the Java Virtual Machine in native code.
# See problematic frame for where to report the bug.
#

---------------  T H R E A D  ---------------

Current thread (0x00007fdaac168000):  JavaThread "LWJGL Application" [_thread_in_native, id=88579, stack(0x000000011a6e6000,0x000000011a7e6000)]

siginfo:si_signo=SIGBUS: si_errno=0, si_code=2 (BUS_ADRERR), si_addr=0x00007fdaaa79dd40

Registers:
RAX=0x00007fdaab097100, RBX=0x00007fdaab097000, RCX=0x0000000000000000, RDX=0x00007fdaad8a3200
RSP=0x000000011a7e55f8, RBP=0x000000011a7e5610, RSI=0x00007fdaad8a3200, RDI=0x00007fdaab097000
R8 =0x00007fdaaa7178e0, R9 =0x0000000000000017, R10=0x000000010ad6866c, R11=0x000000010a6702a7
R12=0x00007fdaad8eec40, R13=0x000000077b37c6d0, R14=0x00007fdaad8a3200, R15=0x00007fdaad8a3200
RIP=0x00007fdaaa79dd40, EFLAGS=0x0000000000010202, ERR=0x0000000000000015
  TRAPNO=0x000000000000000e

Top of Stack: (sp=0x000000011a7e55f8)
0x000000011a7e55f8:   0000000115c9aba3 00007fdaad8eea00
0x000000011a7e5608:   00007fdaab097000 000000011a7e5640
0x000000011a7e5618:   0000000115ca8125 00007fdaad8a3200
0x000000011a7e5628:   0000000000000000 00007fdaab097000
0x000000011a7e5638:   00007fdaac168000 000000011a7e5690
0x000000011a7e5648:   0000000115cb05c5 0000000115cdbf70
0x000000011a7e5658:   00007fdaac1681e8 000000011a7e5750
0x000000011a7e5668:   0000000115cdbfd0 00007fdaac1681e8
0x000000011a7e5678:   000000011a7e5750 000000077b37c6d0
0x000000011a7e5688:   000000011a7e5750 000000011a7e5710
0x000000011a7e5698:   000000010ad68698 000000010ad5c233
0x000000011a7e56a8:   0000000000000000 0000000000000080
0x000000011a7e56b8:   0000000000000080 00000007d5e3b638
0x000000011a7e56c8:   00007fdaab097000 000000011a7e56d0
0x000000011a7e56d8:   0000000000000000 000000011a7e5750
0x000000011a7e56e8:   000000077b38e418 0000000000000000
0x000000011a7e56f8:   000000077b37c6d0 0000000000000000
0x000000011a7e5708:   000000011a7e5730 000000011a7e5798
0x000000011a7e5718:   000000010ad5c058 0000000000000000
0x000000011a7e5728:   000000010ad64cd8 00007fdaab097000
0x000000011a7e5738:   00000007d5ff6678 00007fdaad8a3200
0x000000011a7e5748:   00000007d610f658 00000007d5e2e400
0x000000011a7e5758:   000000011a7e5758 000000077b37c5e8
0x000000011a7e5768:   000000011a7e57b0 000000077b38e418
0x000000011a7e5778:   0000000000000000 000000077b37c610
0x000000011a7e5788:   000000011a7e5730 000000011a7e57a8
0x000000011a7e5798:   000000011a7e57f8 000000010ad5c058
0x000000011a7e57a8:   00000007d610a9f0 00000007d5e2e400
0x000000011a7e57b8:   000000011a7e57b8 000000077b3ff4c7
0x000000011a7e57c8:   000000011a7e5808 000000077b402e20
0x000000011a7e57d8:   0000000000000000 000000077b3ff4e0
0x000000011a7e57e8:   000000011a7e57a8 000000011a7e5808 

Instructions: (pc=0x00007fdaaa79dd40)
0x00007fdaaa79dd20:   00 00 00 00 00 00 00 00 00 00 00 00 00 00 00 00
0x00007fdaaa79dd30:   00 00 00 00 00 00 00 70 c4 17 a7 aa fd 07 00 70
0x00007fdaaa79dd40:   3f 00 00 00 00 00 00 00 00 00 00 00 00 00 00 00
0x00007fdaaa79dd50:   08 00 00 00 00 00 00 00 02 00 00 00 00 00 00 00 

Register to memory mapping:

RAX=0x00007fdaab097100 is an unknown value
RBX=0x00007fdaab097000 is an unknown value
RCX=0x0000000000000000 is an unknown value
RDX=0x00007fdaad8a3200 is an unknown value
RSP=0x000000011a7e55f8 is pointing into the stack for thread: 0x00007fdaac168000
RBP=0x000000011a7e5610 is pointing into the stack for thread: 0x00007fdaac168000
RSI=0x00007fdaad8a3200 is an unknown value
RDI=0x00007fdaab097000 is an unknown value
R8 =0x00007fdaaa7178e0 is an unknown value
R9 =0x0000000000000017 is an unknown value
R10=0x000000010ad6866c is at code_begin+620 in an Interpreter codelet
method entry point (kind = native)  [0x000000010ad68400, 0x000000010ad68c40]  2112 bytes
R11=0x000000010a6702a7: throw_unsatisfied_link_error+0 in /Library/Java/JavaVirtualMachines/jdk1.7.0_51.jdk/Contents/Home/jre/lib/server/libjvm.dylib at 0x000000010a200000
R12=0x00007fdaad8eec40 is an unknown value
R13=0x000000077b37c6d0 is an oop
{method} 
 - klass: {other class}
R14=0x00007fdaad8a3200 is an unknown value
R15=0x00007fdaad8a3200 is an unknown value


Stack: [0x000000011a6e6000,0x000000011a7e6000],  sp=0x000000011a7e55f8,  free space=1021k
Native frames: (J=compiled Java code, j=interpreted, Vv=VM code, C=native code)
C  0x00007fdaaa79dd40
C  [libgdx.dylib+0x20125]  b2World::DestroyJoint(b2Joint*)+0x125
C  [libgdx.dylib+0x285c5]  Java_com_badlogic_gdx_physics_box2d_World_jniDestroyJoint+0x65
j  com.badlogic.gdx.physics.box2d.World.jniDestroyJoint(JJ)V+0
j  com.badlogic.gdx.physics.box2d.World.destroyJoint(Lcom/badlogic/gdx/physics/box2d/Joint;)V+64
j  net.tinetov.ninjarope.game.Ninja.detach()V+15
j  net.tinetov.ninjarope.game.NinjaRopeGame.touchDown(IIII)Z+4
j  com.badlogic.gdx.backends.lwjgl.LwjglInput.processEvents()V+253
j  com.badlogic.gdx.backends.lwjgl.LwjglApplication.mainLoop()V+557
j  com.badlogic.gdx.backends.lwjgl.LwjglApplication$1.run()V+27
v  ~StubRoutines::call_stub
V  [libjvm.dylib+0x2d6bb0]  JavaCalls::call_helper(JavaValue*, methodHandle*, JavaCallArguments*, Thread*)+0x22a
V  [libjvm.dylib+0x2d70c7]  JavaCalls::call_virtual(JavaValue*, KlassHandle, Symbol*, Symbol*, JavaCallArguments*, Thread*)+0x11b
V  [libjvm.dylib+0x2d7204]  JavaCalls::call_virtual(JavaValue*, Handle, KlassHandle, Symbol*, Symbol*, Thread*)+0x4a
V  [libjvm.dylib+0x3261ea]  thread_entry(JavaThread*, Thread*)+0xad
V  [libjvm.dylib+0x4efb57]  JavaThread::thread_main_inner()+0x9b
V  [libjvm.dylib+0x4f125f]  JavaThread::run()+0x1a3
V  [libjvm.dylib+0x41b1d6]  java_start(Thread*)+0x126
C  [libsystem_pthread.dylib+0x1899]  _pthread_body+0x8a
C  [libsystem_pthread.dylib+0x172a]  _pthread_struct_init+0x0
C  [libsystem_pthread.dylib+0x5fc9]  thread_start+0xd

Java frames: (J=compiled Java code, j=interpreted, Vv=VM code)
j  com.badlogic.gdx.physics.box2d.World.jniDestroyJoint(JJ)V+0
j  com.badlogic.gdx.physics.box2d.World.destroyJoint(Lcom/badlogic/gdx/physics/box2d/Joint;)V+64
j  net.tinetov.ninjarope.game.Ninja.detach()V+15
j  net.tinetov.ninjarope.game.NinjaRopeGame.touchDown(IIII)Z+4
j  com.badlogic.gdx.backends.lwjgl.LwjglInput.processEvents()V+253
j  com.badlogic.gdx.backends.lwjgl.LwjglApplication.mainLoop()V+557
j  com.badlogic.gdx.backends.lwjgl.LwjglApplication$1.run()V+27
v  ~StubRoutines::call_stub

---------------  P R O C E S S  ---------------

Java Threads: ( => current thread )
  0x00007fdaaa94f000 JavaThread "AWT-Shutdown" [_thread_blocked, id=29967, stack(0x00000001176e9000,0x00000001177e9000)]
  0x00007fdaac169000 JavaThread "DestroyJavaVM" [_thread_blocked, id=6403, stack(0x000000010ac54000,0x000000010ad54000)]
=>0x00007fdaac168000 JavaThread "LWJGL Application" [_thread_in_native, id=88579, stack(0x000000011a6e6000,0x000000011a7e6000)]
  0x00007fdaac0f8800 JavaThread "AppKit Thread" daemon [_thread_in_native, id=1287, stack(0x00007fff56b81000,0x00007fff56c01000)]
  0x00007fdaad009800 JavaThread "Service Thread" daemon [_thread_blocked, id=21251, stack(0x0000000115a0a000,0x0000000115b0a000)]
  0x00007fdaaa80c800 JavaThread "C2 CompilerThread1" daemon [_thread_blocked, id=20739, stack(0x0000000115907000,0x0000000115a07000)]
  0x00007fdaad81b000 JavaThread "C2 CompilerThread0" daemon [_thread_blocked, id=20227, stack(0x0000000115804000,0x0000000115904000)]
  0x00007fdaad807000 JavaThread "Signal Dispatcher" daemon [_thread_blocked, id=19715, stack(0x0000000115701000,0x0000000115801000)]
  0x00007fdaab005000 JavaThread "Finalizer" daemon [_thread_blocked, id=14595, stack(0x00000001154b1000,0x00000001155b1000)]
  0x00007fdaad800000 JavaThread "Reference Handler" daemon [_thread_blocked, id=14083, stack(0x00000001153ae000,0x00000001154ae000)]

Other Threads:
  0x00007fdaac045800 VMThread [stack: 0x00000001152ab000,0x00000001153ab000] [id=13571]
  0x00007fdaad806800 WatcherThread [stack: 0x0000000115b0d000,0x0000000115c0d000] [id=21763]

VM state:not at safepoint (normal execution)

VM Mutex/Monitor currently owned by a thread: None

Heap
 PSYoungGen      total 38912K, used 13739K [0x00000007d5500000, 0x00000007d8000000, 0x0000000800000000)
  eden space 33792K, 40% used [0x00000007d5500000,0x00000007d626ad68,0x00000007d7600000)
  from space 5120K, 0% used [0x00000007d7b00000,0x00000007d7b00000,0x00000007d8000000)
  to   space 5120K, 0% used [0x00000007d7600000,0x00000007d7600000,0x00000007d7b00000)
 ParOldGen       total 87040K, used 0K [0x0000000780000000, 0x0000000785500000, 0x00000007d5500000)
  object space 87040K, 0% used [0x0000000780000000,0x0000000780000000,0x0000000785500000)
 PSPermGen       total 21504K, used 6520K [0x000000077ae00000, 0x000000077c300000, 0x0000000780000000)
  object space 21504K, 30% used [0x000000077ae00000,0x000000077b45e370,0x000000077c300000)

Card table byte_map: [0x000000010de16000,0x000000010e240000] byte_map_base: 0x000000010a23f000

Polling page: 0x0000000109150000

Code Cache  [0x000000010ad56000, 0x000000010afc6000, 0x000000010dd56000)
 total_blobs=418 nmethods=37 adapters=336 free_code_cache=48622Kb largest_free_block=49761408

Compilation events (10 events):
Event: 4.610 Thread 0x00007fdaad81b000   33             org.lwjgl.opengl.GLContext::getCapabilities (20 bytes)
Event: 4.610 Thread 0x00007fdaaa80c800   34             org.lwjgl.opengl.GLContext::getCapabilitiesImpl (23 bytes)
Event: 4.611 Thread 0x00007fdaaa80c800 nmethod 34 0x000000010addcc10 code [0x000000010addcd60, 0x000000010addcdf8]
Event: 4.611 Thread 0x00007fdaad81b000 nmethod 33 0x000000010addc590 code [0x000000010addc6e0, 0x000000010addc798]
Event: 4.611 Thread 0x00007fdaaa80c800   35             org.lwjgl.BufferChecks::checkFunctionAddress (23 bytes)
Event: 4.611 Thread 0x00007fdaaa80c800 nmethod 35 0x000000010adda110 code [0x000000010adda240, 0x000000010adda298]
Event: 4.662 Thread 0x00007fdaad81b000   36             java.nio.Buffer::checkIndex (22 bytes)
Event: 4.663 Thread 0x00007fdaad81b000 nmethod 36 0x000000010addc350 code [0x000000010addc480, 0x000000010addc4f8]
Event: 5.365 Thread 0x00007fdaaa80c800   37             com.badlogic.gdx.backends.lwjgl.LwjglGraphics::getGL20 (5 bytes)
Event: 5.365 Thread 0x00007fdaaa80c800 nmethod 37 0x000000010addc150 code [0x000000010addc280, 0x000000010addc2f8]

GC Heap History (0 events):
No events

Deoptimization events (0 events):
No events

Internal exceptions (10 events):
Event: 0.726 Thread 0x00007fdaac168000 Threw 0x00000007d60c6478 at /HUDSON/workspace/7u-2-build-macosx-x86_64/jdk7u51/527/hotspot/src/share/vm/prims/jvm.cpp:1244
Event: 0.727 Thread 0x00007fdaac168000 Threw 0x00000007d60cbfd8 at /HUDSON/workspace/7u-2-build-macosx-x86_64/jdk7u51/527/hotspot/src/share/vm/prims/jvm.cpp:1244
Event: 0.727 Thread 0x00007fdaac168000 Threw 0x00000007d60d1df8 at /HUDSON/workspace/7u-2-build-macosx-x86_64/jdk7u51/527/hotspot/src/share/vm/prims/jvm.cpp:1244
Event: 0.728 Thread 0x00007fdaac168000 Threw 0x00000007d60d75d0 at /HUDSON/workspace/7u-2-build-macosx-x86_64/jdk7u51/527/hotspot/src/share/vm/prims/jvm.cpp:1244
Event: 0.729 Thread 0x00007fdaac168000 Threw 0x00000007d60dd6a0 at /HUDSON/workspace/7u-2-build-macosx-x86_64/jdk7u51/527/hotspot/src/share/vm/prims/jvm.cpp:1244
Event: 0.733 Thread 0x00007fdaac168000 Threw 0x00000007d60e2ff8 at /HUDSON/workspace/7u-2-build-macosx-x86_64/jdk7u51/527/hotspot/src/share/vm/prims/jvm.cpp:1244
Event: 0.734 Thread 0x00007fdaac168000 Threw 0x00000007d60e85f0 at /HUDSON/workspace/7u-2-build-macosx-x86_64/jdk7u51/527/hotspot/src/share/vm/prims/jvm.cpp:1244
Event: 1.619 Thread 0x00007fdaac168000 Threw 0x00000007d60ef350 at /HUDSON/workspace/7u-2-build-macosx-x86_64/jdk7u51/527/hotspot/src/share/vm/prims/jvm.cpp:1244
Event: 2.354 Thread 0x00007fdaac168000 Threw 0x00000007d6105c78 at /HUDSON/workspace/7u-2-build-macosx-x86_64/jdk7u51/527/hotspot/src/share/vm/prims/jvm.cpp:1244
Event: 2.355 Thread 0x00007fdaac168000 Threw 0x00000007d610c308 at /HUDSON/workspace/7u-2-build-macosx-x86_64/jdk7u51/527/hotspot/src/share/vm/prims/jvm.cpp:1244

Events (10 events):
Event: 4.117 loading class 0x00007fdaac0b6d20
Event: 4.117 loading class 0x00007fdaac0b6d90
Event: 4.117 loading class 0x00007fdaac0b6d90 done
Event: 4.117 loading class 0x00007fdaac0b6d20 done
Event: 4.117 loading class 0x00000001133ee470
Event: 4.117 loading class 0x00000001133ee470 done
Event: 4.117 loading class 0x00000001133ee3e0
Event: 4.117 loading class 0x00000001133ee3e0 done
Event: 4.117 Thread 0x00007fdaab05f000 Thread exited: 0x00007fdaab05f000
Event: 4.441 Thread 0x00007fdaaa94f000 Thread added: 0x00007fdaaa94f000


Dynamic libraries:
0x00000000064d0000 	/System/Library/Frameworks/Cocoa.framework/Versions/A/Cocoa
0x00000000064d0000 	/System/Library/Frameworks/Security.framework/Versions/A/Security
0x00000000064d0000 	/System/Library/Frameworks/ApplicationServices.framework/Versions/A/ApplicationServices
0x00000000064d0000 	/usr/lib/libz.1.dylib
0x00000000064d0000 	/usr/lib/libSystem.B.dylib
0x00000000064d0000 	/usr/lib/libobjc.A.dylib
0x00000000064d0000 	/System/Library/Frameworks/CoreFoundation.framework/Versions/A/CoreFoundation
0x00000000064d0000 	/System/Library/Frameworks/Foundation.framework/Versions/C/Foundation
0x00000000064d0000 	/System/Library/Frameworks/AppKit.framework/Versions/C/AppKit
0x00000000064d0000 	/System/Library/Frameworks/CoreData.framework/Versions/A/CoreData
0x00000000064d0000 	/System/Library/PrivateFrameworks/RemoteViewServices.framework/Versions/A/RemoteViewServices
0x00000000064d0000 	/System/Library/Frameworks/AudioToolbox.framework/Versions/A/AudioToolbox
0x00000000064d0000 	/System/Library/Frameworks/AudioUnit.framework/Versions/A/AudioUnit
0x00000000064d0000 	/System/Library/PrivateFrameworks/DataDetectorsCore.framework/Versions/A/DataDetectorsCore
0x00000000064d0000 	/System/Library/PrivateFrameworks/DesktopServicesPriv.framework/Versions/A/DesktopServicesPriv
0x00000000064d0000 	/System/Library/Frameworks/Carbon.framework/Versions/A/Frameworks/HIToolbox.framework/Versions/A/HIToolbox
0x00000000064d0000 	/System/Library/Frameworks/QuartzCore.framework/Versions/A/QuartzCore
0x00000000064d0000 	/System/Library/Frameworks/Carbon.framework/Versions/A/Frameworks/SpeechRecognition.framework/Versions/A/SpeechRecognition
0x00000000064d0000 	/usr/lib/libauto.dylib
0x00000000064d0000 	/usr/lib/libicucore.A.dylib
0x00000000064d0000 	/usr/lib/libxml2.2.dylib
0x00000000064d0000 	/System/Library/PrivateFrameworks/CoreUI.framework/Versions/A/CoreUI
0x00000000064d0000 	/System/Library/Frameworks/CoreAudio.framework/Versions/A/CoreAudio
0x00000000064d0000 	/System/Library/Frameworks/DiskArbitration.framework/Versions/A/DiskArbitration
0x00000000064d0000 	/usr/lib/liblangid.dylib
0x00000000064d0000 	/System/Library/PrivateFrameworks/MultitouchSupport.framework/Versions/A/MultitouchSupport
0x00000000064d0000 	/System/Library/Frameworks/IOKit.framework/Versions/A/IOKit
0x00000000064d0000 	/usr/lib/libDiagnosticMessagesClient.dylib
0x00000000064d0000 	/System/Library/Frameworks/CoreServices.framework/Versions/A/CoreServices
0x00000000064d0000 	/System/Library/PrivateFrameworks/PerformanceAnalysis.framework/Versions/A/PerformanceAnalysis
0x00000000064d0000 	/System/Library/PrivateFrameworks/GenerationalStorage.framework/Versions/A/GenerationalStorage
0x00000000064d0000 	/System/Library/Frameworks/OpenGL.framework/Versions/A/OpenGL
0x00000000064d0000 	/System/Library/PrivateFrameworks/Sharing.framework/Versions/A/Sharing
0x00000000064d0000 	/System/Library/Frameworks/ImageIO.framework/Versions/A/ImageIO
0x00000000064d0000 	/System/Library/Frameworks/CoreText.framework/Versions/A/CoreText
0x00000000064d0000 	/System/Library/Frameworks/CoreGraphics.framework/Versions/A/CoreGraphics
0x00000000064d0000 	/System/Library/PrivateFrameworks/Backup.framework/Versions/A/Backup
0x00000000064d0000 	/System/Library/Frameworks/CFNetwork.framework/Versions/A/CFNetwork
0x00000000064d0000 	/System/Library/Frameworks/SystemConfiguration.framework/Versions/A/SystemConfiguration
0x00000000064d0000 	/usr/lib/libCRFSuite.dylib
0x00000000064d0000 	/usr/lib/libc++.1.dylib
0x00000000064d0000 	/usr/lib/libc++abi.dylib
0x00000000064d0000 	/usr/lib/system/libcache.dylib
0x00000000064d0000 	/usr/lib/system/libcommonCrypto.dylib
0x00000000064d0000 	/usr/lib/system/libcompiler_rt.dylib
0x00000000064d0000 	/usr/lib/system/libcopyfile.dylib
0x00000000064d0000 	/usr/lib/system/libcorecrypto.dylib
0x00000000064d0000 	/usr/lib/system/libdispatch.dylib
0x00000000064d0000 	/usr/lib/system/libdyld.dylib
0x00000000064d0000 	/usr/lib/system/libkeymgr.dylib
0x00000000064d0000 	/usr/lib/system/liblaunch.dylib
0x00000000064d0000 	/usr/lib/system/libmacho.dylib
0x00000000064d0000 	/usr/lib/system/libquarantine.dylib
0x00000000064d0000 	/usr/lib/system/libremovefile.dylib
0x00000000064d0000 	/usr/lib/system/libsystem_asl.dylib
0x00000000064d0000 	/usr/lib/system/libsystem_blocks.dylib
0x00000000064d0000 	/usr/lib/system/libsystem_c.dylib
0x00000000064d0000 	/usr/lib/system/libsystem_configuration.dylib
0x00000000064d0000 	/usr/lib/system/libsystem_dnssd.dylib
0x00000000064d0000 	/usr/lib/system/libsystem_info.dylib
0x00000000064d0000 	/usr/lib/system/libsystem_kernel.dylib
0x00000000064d0000 	/usr/lib/system/libsystem_m.dylib
0x00000000064d0000 	/usr/lib/system/libsystem_malloc.dylib
0x00000000064d0000 	/usr/lib/system/libsystem_network.dylib
0x00000000064d0000 	/usr/lib/system/libsystem_notify.dylib
0x00000000064d0000 	/usr/lib/system/libsystem_platform.dylib
0x00000000064d0000 	/usr/lib/system/libsystem_pthread.dylib
0x00000000064d0000 	/usr/lib/system/libsystem_sandbox.dylib
0x00000000064d0000 	/usr/lib/system/libsystem_stats.dylib
0x00000000064d0000 	/usr/lib/system/libunc.dylib
0x00000000064d0000 	/usr/lib/system/libunwind.dylib
0x00000000064d0000 	/usr/lib/system/libxpc.dylib
0x00000000064d0000 	/usr/lib/libbsm.0.dylib
0x00000000064d0000 	/usr/lib/libsqlite3.dylib
0x00000000064d0000 	/usr/lib/libxar.1.dylib
0x00000000064d0000 	/usr/lib/libpam.2.dylib
0x00000000064d0000 	/usr/lib/libOpenScriptingUtil.dylib
0x00000000064d0000 	/usr/lib/libbz2.1.0.dylib
0x00000000064d0000 	/System/Library/Frameworks/CoreServices.framework/Versions/A/Frameworks/CarbonCore.framework/Versions/A/CarbonCore
0x00000000064d0000 	/System/Library/Frameworks/CoreServices.framework/Versions/A/Frameworks/Metadata.framework/Versions/A/Metadata
0x00000000064d0000 	/System/Library/Frameworks/CoreServices.framework/Versions/A/Frameworks/OSServices.framework/Versions/A/OSServices
0x00000000064d0000 	/System/Library/Frameworks/CoreServices.framework/Versions/A/Frameworks/SearchKit.framework/Versions/A/SearchKit
0x00000000064d0000 	/System/Library/Frameworks/CoreServices.framework/Versions/A/Frameworks/AE.framework/Versions/A/AE
0x00000000064d0000 	/System/Library/Frameworks/CoreServices.framework/Versions/A/Frameworks/LaunchServices.framework/Versions/A/LaunchServices
0x00000000064d0000 	/System/Library/Frameworks/CoreServices.framework/Versions/A/Frameworks/DictionaryServices.framework/Versions/A/DictionaryServices
0x00000000064d0000 	/System/Library/Frameworks/NetFS.framework/Versions/A/NetFS
0x00000000064d0000 	/usr/lib/system/libkxld.dylib
0x00000000064d0000 	/System/Library/PrivateFrameworks/NetAuth.framework/Versions/A/NetAuth
0x00000000064d0000 	/System/Library/PrivateFrameworks/TCC.framework/Versions/A/TCC
0x00000000064d0000 	/System/Library/Frameworks/OpenDirectory.framework/Versions/A/Frameworks/CFOpenDirectory.framework/Versions/A/CFOpenDirectory
0x00000000064d0000 	/System/Library/Frameworks/ServiceManagement.framework/Versions/A/ServiceManagement
0x00000000064d0000 	/usr/lib/libxslt.1.dylib
0x00000000064d0000 	/System/Library/Frameworks/Carbon.framework/Versions/A/Frameworks/Ink.framework/Versions/A/Ink
0x00000000064d0000 	/System/Library/Frameworks/ApplicationServices.framework/Versions/A/Frameworks/ATS.framework/Versions/A/ATS
0x00000000064d0000 	/System/Library/Frameworks/ApplicationServices.framework/Versions/A/Frameworks/ColorSync.framework/Versions/A/ColorSync
0x00000000064d0000 	/System/Library/Frameworks/ApplicationServices.framework/Versions/A/Frameworks/HIServices.framework/Versions/A/HIServices
0x00000000064d0000 	/System/Library/Frameworks/ApplicationServices.framework/Versions/A/Frameworks/LangAnalysis.framework/Versions/A/LangAnalysis
0x00000000064d0000 	/System/Library/Frameworks/ApplicationServices.framework/Versions/A/Frameworks/PrintCore.framework/Versions/A/PrintCore
0x00000000064d0000 	/System/Library/Frameworks/ApplicationServices.framework/Versions/A/Frameworks/QD.framework/Versions/A/QD
0x00000000064d0000 	/System/Library/Frameworks/ApplicationServices.framework/Versions/A/Frameworks/SpeechSynthesis.framework/Versions/A/SpeechSynthesis
0x00000000064d0000 	/System/Library/Frameworks/IOSurface.framework/Versions/A/IOSurface
0x00000000064d0000 	/System/Library/Frameworks/Accelerate.framework/Versions/A/Accelerate
0x00000000064d0000 	/System/Library/Frameworks/Accelerate.framework/Versions/A/Frameworks/vImage.framework/Versions/A/vImage
0x00000000064d0000 	/System/Library/Frameworks/Accelerate.framework/Versions/A/Frameworks/vecLib.framework/Versions/A/vecLib
0x00000000064d0000 	/System/Library/Frameworks/Accelerate.framework/Versions/A/Frameworks/vecLib.framework/Versions/A/libvDSP.dylib
0x00000000064d0000 	/System/Library/Frameworks/Accelerate.framework/Versions/A/Frameworks/vecLib.framework/Versions/A/libvMisc.dylib
0x00000000064d0000 	/System/Library/Frameworks/Accelerate.framework/Versions/A/Frameworks/vecLib.framework/Versions/A/libLAPACK.dylib
0x00000000064d0000 	/System/Library/Frameworks/Accelerate.framework/Versions/A/Frameworks/vecLib.framework/Versions/A/libBLAS.dylib
0x00000000064d0000 	/System/Library/Frameworks/ApplicationServices.framework/Versions/A/Frameworks/ATS.framework/Versions/A/Resources/libFontParser.dylib
0x00000000064d0000 	/System/Library/Frameworks/ApplicationServices.framework/Versions/A/Frameworks/ATS.framework/Versions/A/Resources/libFontRegistry.dylib
0x00000000064d0000 	/System/Library/Frameworks/ImageIO.framework/Versions/A/Resources/libJPEG.dylib
0x00000000064d0000 	/System/Library/Frameworks/ImageIO.framework/Versions/A/Resources/libTIFF.dylib
0x00000000064d0000 	/System/Library/Frameworks/ImageIO.framework/Versions/A/Resources/libPng.dylib
0x00000000064d0000 	/System/Library/Frameworks/ImageIO.framework/Versions/A/Resources/libGIF.dylib
0x00000000064d0000 	/System/Library/Frameworks/ImageIO.framework/Versions/A/Resources/libJP2.dylib
0x00000000064d0000 	/System/Library/Frameworks/ImageIO.framework/Versions/A/Resources/libRadiance.dylib
0x00000000064d0000 	/usr/lib/libcups.2.dylib
0x00000000064d0000 	/System/Library/Frameworks/Kerberos.framework/Versions/A/Kerberos
0x00000000064d0000 	/System/Library/Frameworks/GSS.framework/Versions/A/GSS
0x00000000064d0000 	/usr/lib/libresolv.9.dylib
0x00000000064d0000 	/usr/lib/libiconv.2.dylib
0x00000000064d0000 	/System/Library/PrivateFrameworks/Heimdal.framework/Versions/A/Heimdal
0x00000000064d0000 	/System/Library/PrivateFrameworks/TrustEvaluationAgent.framework/Versions/A/TrustEvaluationAgent
0x00000000064d0000 	/usr/lib/libheimdal-asn1.dylib
0x00000000064d0000 	/System/Library/Frameworks/OpenDirectory.framework/Versions/A/OpenDirectory
0x00000000064d0000 	/System/Library/PrivateFrameworks/CommonAuth.framework/Versions/A/CommonAuth
0x00000000064d0000 	/System/Library/Frameworks/SecurityFoundation.framework/Versions/A/SecurityFoundation
0x00000000064d0000 	/System/Library/PrivateFrameworks/Bom.framework/Versions/A/Bom
0x00000000064d0000 	/System/Library/Frameworks/CoreVideo.framework/Versions/A/CoreVideo
0x00000000064d0000 	/System/Library/Frameworks/QuartzCore.framework/Versions/A/Frameworks/CoreImage.framework/Versions/A/CoreImage
0x00000000064d0000 	/System/Library/Frameworks/QuartzCore.framework/Versions/A/Frameworks/ScalableUserInterface.framework/Versions/A/ScalableUserInterface
0x00000000064d0000 	/System/Library/Frameworks/OpenGL.framework/Versions/A/Libraries/libGLU.dylib
0x00000000064d0000 	/System/Library/Frameworks/OpenGL.framework/Versions/A/Libraries/libGFXShared.dylib
0x00000000064d0000 	/System/Library/Frameworks/OpenGL.framework/Versions/A/Libraries/libGL.dylib
0x00000000064d0000 	/System/Library/Frameworks/OpenGL.framework/Versions/A/Libraries/libGLImage.dylib
0x00000000064d0000 	/System/Library/Frameworks/OpenGL.framework/Versions/A/Libraries/libCVMSPluginSupport.dylib
0x00000000064d0000 	/System/Library/Frameworks/OpenGL.framework/Versions/A/Libraries/libCoreVMClient.dylib
0x00000000064d0000 	/System/Library/PrivateFrameworks/FaceCore.framework/Versions/A/FaceCore
0x00000000064d0000 	/System/Library/PrivateFrameworks/CrashReporterSupport.framework/Versions/A/CrashReporterSupport
0x00000000064d0000 	/System/Library/Frameworks/OpenCL.framework/Versions/A/OpenCL
0x00000000064d0000 	/System/Library/PrivateFrameworks/AppleFSCompression.framework/Versions/A/AppleFSCompression
0x00000000064d0000 	/System/Library/PrivateFrameworks/Ubiquity.framework/Versions/A/Ubiquity
0x00000000064d0000 	/System/Library/PrivateFrameworks/IconServices.framework/Versions/A/IconServices
0x00000000064d0000 	/System/Library/PrivateFrameworks/ChunkingLibrary.framework/Versions/A/ChunkingLibrary
0x00000000064d0000 	/System/Library/PrivateFrameworks/CoreSymbolication.framework/Versions/A/CoreSymbolication
0x00000000064d0000 	/System/Library/PrivateFrameworks/Symbolication.framework/Versions/A/Symbolication
0x00000000064d0000 	/System/Library/PrivateFrameworks/DebugSymbols.framework/Versions/A/DebugSymbols
0x000000010a200000 	/Library/Java/JavaVirtualMachines/jdk1.7.0_51.jdk/Contents/Home/jre/lib/server/libjvm.dylib
0x00000000064d0000 	/usr/lib/libstdc++.6.dylib
0x0000000109113000 	/Library/Java/JavaVirtualMachines/jdk1.7.0_51.jdk/Contents/Home/jre/lib/libverify.dylib
0x0000000109120000 	/Library/Java/JavaVirtualMachines/jdk1.7.0_51.jdk/Contents/Home/jre/lib/libjava.dylib
0x000000010915a000 	/Library/Java/JavaVirtualMachines/jdk1.7.0_51.jdk/Contents/Home/jre/lib/libzip.dylib
0x00000001155b3000 	/System/Library/Frameworks/JavaVM.framework/Frameworks/JavaRuntimeSupport.framework/JavaRuntimeSupport
0x00000001155cb000 	/System/Library/Frameworks/JavaVM.framework/Versions/A/Frameworks/JavaNativeFoundation.framework/Versions/A/JavaNativeFoundation
0x00000001155e0000 	/System/Library/Frameworks/JavaVM.framework/Versions/A/JavaVM
0x00000000064d0000 	/System/Library/Frameworks/Carbon.framework/Versions/A/Carbon
0x00000001155ed000 	/System/Library/PrivateFrameworks/JavaLaunching.framework/Versions/A/JavaLaunching
0x00000000064d0000 	/System/Library/Frameworks/Carbon.framework/Versions/A/Frameworks/CommonPanels.framework/Versions/A/CommonPanels
0x00000000064d0000 	/System/Library/Frameworks/Carbon.framework/Versions/A/Frameworks/Help.framework/Versions/A/Help
0x00000000064d0000 	/System/Library/Frameworks/Carbon.framework/Versions/A/Frameworks/ImageCapture.framework/Versions/A/ImageCapture
0x00000000064d0000 	/System/Library/Frameworks/Carbon.framework/Versions/A/Frameworks/OpenScripting.framework/Versions/A/OpenScripting
0x00000000064d0000 	/System/Library/Frameworks/Carbon.framework/Versions/A/Frameworks/Print.framework/Versions/A/Print
0x00000000064d0000 	/System/Library/Frameworks/Carbon.framework/Versions/A/Frameworks/SecurityHI.framework/Versions/A/SecurityHI
0x0000000115c88000 	/private/var/folders/n8/vvl2sjx51jd4fm9y1xyg53z80000gn/T/libgdxtinem/d60d5b7/libgdx.dylib
0x0000000115cef000 	/Library/Java/JavaVirtualMachines/jdk1.7.0_51.jdk/Contents/Home/jre/lib/libawt.dylib
0x0000000115dc0000 	/Library/Java/JavaVirtualMachines/jdk1.7.0_51.jdk/Contents/Home/jre/lib/./libmlib_image.dylib
0x0000000115e8c000 	/Library/Java/JavaVirtualMachines/jdk1.7.0_51.jdk/Contents/Home/jre/lib/lwawt/liblwawt.dylib
0x0000000115f40000 	/Library/Java/JavaVirtualMachines/jdk1.7.0_51.jdk/Contents/Home/jre/lib/libosxapp.dylib
0x00000000064d0000 	/System/Library/Frameworks/ExceptionHandling.framework/Versions/A/ExceptionHandling
0x00000000064d0000 	/System/Library/PrivateFrameworks/CoreServicesInternal.framework/Versions/A/CoreServicesInternal
0x00000000064d0000 	/System/Library/PrivateFrameworks/Librarian.framework/Versions/A/Librarian
0x00000000064d0000 	/System/Library/Frameworks/CoreGraphics.framework/Versions/A/Resources/libCGCMS.A.dylib
0x00000000064d0000 	/System/Library/Frameworks/CoreGraphics.framework/Versions/A/Resources/libRIP.A.dylib
0x00000000064d0000 	/System/Library/Frameworks/CoreGraphics.framework/Versions/A/Resources/libCGXType.A.dylib
0x00000000064d0000 	/System/Library/PrivateFrameworks/FamilyControls.framework/Versions/A/FamilyControls
0x00000000064d0000 	/System/Library/PrivateFrameworks/CommerceKit.framework/Versions/A/Frameworks/CommerceCore.framework/Versions/A/CommerceCore
0x00000000064d0000 	/System/Library/PrivateFrameworks/SystemAdministration.framework/Versions/A/SystemAdministration
0x00000000064d0000 	/System/Library/Frameworks/DirectoryService.framework/Versions/A/DirectoryService
0x00000000064d0000 	/System/Library/PrivateFrameworks/DiskImages.framework/Versions/A/DiskImages
0x00000000064d0000 	/System/Library/PrivateFrameworks/LoginUIKit.framework/Versions/A/Frameworks/LoginUICore.framework/Versions/A/LoginUICore
0x00000000064d0000 	/usr/lib/libCoreStorage.dylib
0x00000000064d0000 	/usr/lib/libcsfde.dylib
0x00000000064d0000 	/usr/lib/libodfde.dylib
0x00000000064d0000 	/System/Library/Frameworks/DiscRecording.framework/Versions/A/DiscRecording
0x00000000064d0000 	/usr/lib/libcurl.4.dylib
0x00000000064d0000 	/System/Library/PrivateFrameworks/MediaKit.framework/Versions/A/MediaKit
0x00000000064d0000 	/System/Library/PrivateFrameworks/EFILogin.framework/Versions/A/EFILogin
0x00000000064d0000 	/usr/lib/libutil.dylib
0x00000000064d0000 	/System/Library/PrivateFrameworks/AOSNotification.framework/Versions/A/AOSNotification
0x00000000064d0000 	/System/Library/Frameworks/LDAP.framework/Versions/A/LDAP
0x00000000064d0000 	/usr/lib/libsasl2.2.dylib
0x00000000064d0000 	/usr/lib/libcrypto.0.9.8.dylib
0x00000000064d0000 	/usr/lib/libssl.0.9.8.dylib
0x000000011a2a5000 	/Library/Java/JavaVirtualMachines/jdk1.7.0_51.jdk/Contents/Home/jre/lib/libfontmanager.dylib
0x000000011a30c000 	/private/var/folders/n8/vvl2sjx51jd4fm9y1xyg53z80000gn/T/libgdxtinem/45614fc1/liblwjgl.jnilib
0x0000000117998000 	/Library/Java/JavaVirtualMachines/jdk1.7.0_51.jdk/Contents/Home/jre/lib/libjawt.dylib
0x000000011a38b000 	/var/folders/n8/vvl2sjx51jd4fm9y1xyg53z80000gn/T/libgdxtinem/45614fc1/openal.dylib
0x000000011a3e7000 	/System/Library/Components/CoreAudio.component/Contents/MacOS/CoreAudio
0x00000001179c3000 	/System/Library/Extensions/AppleHDA.kext/Contents/PlugIns/AppleHDAHALPlugIn.bundle/Contents/MacOS/AppleHDAHALPlugIn
0x00000000064d0000 	/System/Library/Frameworks/OpenGL.framework/Versions/A/Resources/GLEngine.bundle/GLEngine
0x00000000064d0000 	/System/Library/Frameworks/OpenGL.framework/Versions/A/Libraries/libGLProgrammability.dylib
0x0000000000000000 	/System/Library/Extensions/AMDRadeonX3000GLDriver.bundle/Contents/MacOS/AMDRadeonX3000GLDriver
0x00000000064d0000 	/System/Library/PrivateFrameworks/IOAccelerator.framework/Versions/A/IOAccelerator
0x00000000064d0000 	/System/Library/PrivateFrameworks/GPUSupport.framework/Versions/A/Libraries/libGPUSupportMercury.dylib
0x0000000000000000 	/System/Library/Extensions/AppleIntelHD3000GraphicsGLDriver.bundle/Contents/MacOS/AppleIntelHD3000GraphicsGLDriver
0x00000001179cd000 	/System/Library/PrivateFrameworks/GPUSupport.framework/Versions/A/Libraries/libGPUSupport.dylib
0x00000000064d0000 	/System/Library/Frameworks/OpenGL.framework/Versions/A/Resources/GLRendererFloat.bundle/GLRendererFloat
0x00000000064d0000 	/System/Library/Frameworks/OpenCL.framework/Versions/A/Libraries/libcldcpuengine.dylib
0x000000011884b000 	cl_kernels
0x000000011b013000 	/System/Library/Frameworks/OpenCL.framework/Versions/A/Libraries/ImageFormats/unorm8_bgra.dylib
0x0000000118851000 	cl_kernels

VM Arguments:
jvm_args: -Dfile.encoding=US-ASCII 
java_command: net.tinetov.ninjarope.Main
Launcher Type: SUN_STANDARD

Environment Variables:
PATH=/usr/bin:/bin:/usr/sbin:/sbin
SHELL=/bin/zsh
DISPLAY=/tmp/launch-ySM71M/org.macosforge.xquartz:0

Signal Handlers:
SIGSEGV: [libjvm.dylib+0x525425], sa_mask[0]=0xfffefeff, sa_flags=0x00000043
SIGBUS: [libjvm.dylib+0x525425], sa_mask[0]=0xfffefeff, sa_flags=0x00000042
SIGFPE: [libjvm.dylib+0x41892a], sa_mask[0]=0xfffefeff, sa_flags=0x00000042
SIGPIPE: [libjvm.dylib+0x41892a], sa_mask[0]=0xfffefeff, sa_flags=0x00000042
SIGXFSZ: [libjvm.dylib+0x41892a], sa_mask[0]=0xfffefeff, sa_flags=0x00000042
SIGILL: [libjvm.dylib+0x41892a], sa_mask[0]=0xfffefeff, sa_flags=0x00000042
SIGUSR1: SIG_DFL, sa_mask[0]=0x00000000, sa_flags=0x00000002
SIGUSR2: [libjvm.dylib+0x41841c], sa_mask[0]=0x00000004, sa_flags=0x00000042
SIGHUP: [libjvm.dylib+0x4166ab], sa_mask[0]=0xfffefeff, sa_flags=0x00000042
SIGINT: [libjvm.dylib+0x4166ab], sa_mask[0]=0xfffefeff, sa_flags=0x00000042
SIGTERM: [libjvm.dylib+0x4166ab], sa_mask[0]=0xfffefeff, sa_flags=0x00000042
SIGQUIT: [libjvm.dylib+0x4166ab], sa_mask[0]=0xfffefeff, sa_flags=0x00000042


---------------  S Y S T E M  ---------------

OS:Bsduname:Darwin 13.0.0 Darwin Kernel Version 13.0.0: Thu Sep 19 22:22:27 PDT 2013; root:xnu-2422.1.72~6/RELEASE_X86_64 x86_64
rlimit: STACK 8192k, CORE 0k, NPROC 709, NOFILE 10240, AS infinity
load average:2.53 2.40 2.33

CPU:total 8 (4 cores per cpu, 2 threads per core) family 6 model 42 stepping 7, cmov, cx8, fxsr, mmx, sse, sse2, sse3, ssse3, sse4.1, sse4.2, popcnt, avx, aes, ht, tsc, tscinvbit

Memory: 4k page, physical 8388608k(2097152k free)

/proc/meminfo:


vm_info: Java HotSpot(TM) 64-Bit Server VM (24.51-b03) for bsd-amd64 JRE (1.7.0_51-b13), built on Dec 18 2013 18:45:56 by "java_re" with gcc 4.2.1 (Based on Apple Inc. build 5658) (LLVM build 2336.11.00)

time: Sun Feb 23 20:23:39 2014
elapsed time: 5 seconds

